Using pre-set license
Built from '2020.3/staging' branch; Version is '2020.3.32f1 (12f8b0834f07) revision 1243312'; Using compiler version '192528614'; Build Type 'Release'
OS: 'Windows 10  (10.0.19043) 64bit CoreSingleLanguage' Language: 'en' Physical Memory: 8001 MB
BatchMode: 1, IsHumanControllingUs: 0, StartBugReporterOnCrash: 0, Is64bit: 1, IsPro: 0

COMMAND LINE ARGUMENTS:
D:\Satvik\Programming\Unity\2020.3.32f1\Editor\Unity.exe
-adb2
-batchMode
-noUpm
-name
AssetImportWorker1
-projectPath
D:/Satvik/Programming/Unity/Projects/Project1/ARC
-logFile
Logs/AssetImportWorker1.log
-srvPort
49218
Successfully changed project path to: D:/Satvik/Programming/Unity/Projects/Project1/ARC
D:/Satvik/Programming/Unity/Projects/Project1/ARC
Using Asset Import Pipeline V2.
Refreshing native plugins compatible for Editor in 74.71 ms, found 2 plugins.
Preloading 0 native plugins for Editor in 0.00 ms.
Initialize engine version: 2020.3.32f1 (12f8b0834f07)
[Subsystems] Discovering subsystems at path D:/Satvik/Programming/Unity/2020.3.32f1/Editor/Data/Resources/UnitySubsystems
[Subsystems] Discovering subsystems at path D:/Satvik/Programming/Unity/Projects/Project1/ARC/Assets
GfxDevice: creating device client; threaded=0
Direct3D:
    Version:  Direct3D 11.0 [level 11.1]
    Renderer: Radeon RX 560X (ID=0x67ef)
    Vendor:   
    VRAM:     4075 MB
    Driver:   30.0.13023.4001
Initialize mono
Mono path[0] = 'D:/Satvik/Programming/Unity/2020.3.32f1/Editor/Data/Managed'
Mono path[1] = 'D:/Satvik/Programming/Unity/2020.3.32f1/Editor/Data/MonoBleedingEdge/lib/mono/unityjit'
Mono config path = 'D:/Satvik/Programming/Unity/2020.3.32f1/Editor/Data/MonoBleedingEdge/etc'
Using monoOptions --debugger-agent=transport=dt_socket,embedding=1,server=y,suspend=n,address=127.0.0.1:56916
Begin MonoManager ReloadAssembly
Registering precompiled unity dll's ...
Register platform support module: D:/Satvik/Programming/Unity/2020.3.32f1/Editor/Data/PlaybackEngines/WebGLSupport/UnityEditor.WebGL.Extensions.dll
Register platform support module: D:/Satvik/Programming/Unity/2020.3.32f1/Editor/Data/PlaybackEngines/WindowsStandaloneSupport/UnityEditor.WindowsStandalone.Extensions.dll
Registered in 0.002009 seconds.
Native extension for WindowsStandalone target not found
Native extension for WebGL target not found
Refreshing native plugins compatible for Editor in 72.80 ms, found 2 plugins.
Preloading 0 native plugins for Editor in 0.00 ms.
Mono: successfully reloaded assembly
- Completed reload, in  0.831 seconds
Domain Reload Profiling:
	ReloadAssembly (831ms)
		BeginReloadAssembly (106ms)
			ExecutionOrderSort (0ms)
			DisableScriptedObjects (0ms)
			BackupInstance (0ms)
			ReleaseScriptingObjects (0ms)
			CreateAndSetChildDomain (1ms)
		EndReloadAssembly (623ms)
			LoadAssemblies (106ms)
			RebuildTransferFunctionScriptingTraits (0ms)
			SetupTypeCache (198ms)
			ReleaseScriptCaches (0ms)
			RebuildScriptCaches (38ms)
			SetupLoadedEditorAssemblies (256ms)
				LogAssemblyErrors (0ms)
				InitializePlatformSupportModulesInManaged (6ms)
				SetLoadedEditorAssemblies (0ms)
				RefreshPlugins (73ms)
				BeforeProcessingInitializeOnLoad (27ms)
				ProcessInitializeOnLoadAttributes (112ms)
				ProcessInitializeOnLoadMethodAttributes (37ms)
				AfterProcessingInitializeOnLoad (0ms)
				EditorAssembliesLoaded (0ms)
			ExecutionOrderSort2 (0ms)
			AwakeInstancesAfterBackupRestoration (0ms)
Platform modules already initialized, skipping
Registering precompiled user dll's ...
Registered in 0.005984 seconds.
Begin MonoManager ReloadAssembly
Native extension for WindowsStandalone target not found
Native extension for WebGL target not found
Refreshing native plugins compatible for Editor in 80.34 ms, found 2 plugins.
Preloading 0 native plugins for Editor in 0.00 ms.
Mono: successfully reloaded assembly
- Completed reload, in  4.137 seconds
Domain Reload Profiling:
	ReloadAssembly (4139ms)
		BeginReloadAssembly (269ms)
			ExecutionOrderSort (0ms)
			DisableScriptedObjects (6ms)
			BackupInstance (0ms)
			ReleaseScriptingObjects (0ms)
			CreateAndSetChildDomain (37ms)
		EndReloadAssembly (3719ms)
			LoadAssemblies (2558ms)
			RebuildTransferFunctionScriptingTraits (0ms)
			SetupTypeCache (428ms)
			ReleaseScriptCaches (1ms)
			RebuildScriptCaches (72ms)
			SetupLoadedEditorAssemblies (560ms)
				LogAssemblyErrors (0ms)
				InitializePlatformSupportModulesInManaged (6ms)
				SetLoadedEditorAssemblies (0ms)
				RefreshPlugins (80ms)
				BeforeProcessingInitializeOnLoad (129ms)
				ProcessInitializeOnLoadAttributes (282ms)
				ProcessInitializeOnLoadMethodAttributes (60ms)
				AfterProcessingInitializeOnLoad (3ms)
				EditorAssembliesLoaded (0ms)
			ExecutionOrderSort2 (0ms)
			AwakeInstancesAfterBackupRestoration (9ms)
Platform modules already initialized, skipping
========================================================================
Worker process is ready to serve import requests
Launched and connected shader compiler UnityShaderCompiler.exe after 0.41 seconds
Refreshing native plugins compatible for Editor in 0.84 ms, found 2 plugins.
Preloading 0 native plugins for Editor in 0.00 ms.
Unloading 3231 Unused Serialized files (Serialized files now loaded: 0)
System memory in use before: 141.1 MB.
System memory in use after: 141.3 MB.

Unloading 18 unused Assets to reduce memory usage. Loaded Objects now: 3674.
Total: 6.118100 ms (FindLiveObjects: 0.361300 ms CreateObjectMapping: 0.128200 ms MarkObjects: 5.505700 ms  DeleteObjects: 0.120800 ms)

AssetImportParameters requested are different than current active one (requested -> active):
  custom:framework-win-MediaFoundation: 216162199b28c13a410421893ffa2e32 -> 
  custom:video-decoder-ogg-theora: a1e56fd34408186e4bbccfd4996cb3dc -> 
  custom:container-muxer-webm: aa71ff27fc2769a1b78a27578f13a17b -> 
  custom:container-demuxer-webm: 4f35f7cbe854078d1ac9338744f61a02 -> 
  custom:container-demuxer-ogg: 62fdf1f143b41e24485cea50d1cbac27 -> 
  custom:video-encoder-webm-vp8: eb34c28f22e8b96e1ab97ce403110664 -> 
  custom:video-decoder-webm-vp8: 9c59270c3fd7afecdb556c50c9e8de78 -> 
  custom:audio-decoder-ogg-vorbis: bf7c407c2cedff20999df2af8eb42d56 -> 
  custom:audio-encoder-webm-vorbis: bf7c407c2cedff20999df2af8eb42d56 -> 
========================================================================
Received Import Request.
  path: Assets/AR face Assets/Face Textures/Robot Face
  artifactKey: Guid(7e5e5d8d234ba4a7093b7d326df9d21e) Importer(815301076,1909f56bfc062723c751e8b465ee728b)
Start importing Assets/AR face Assets/Face Textures/Robot Face using Guid(7e5e5d8d234ba4a7093b7d326df9d21e) Importer(815301076,1909f56bfc062723c751e8b465ee728b)  -> (artifact id: '7f2a0cd8d5afca55c8b08f5b931b4a68') in 0.019431 seconds 
========================================================================
Received Import Request.
  Time since last request: 0.000290 seconds.
  path: Assets/AR face Assets/Face Textures/Pop Face
  artifactKey: Guid(c783ca990c5f44004994974eb09893be) Importer(815301076,1909f56bfc062723c751e8b465ee728b)
Start importing Assets/AR face Assets/Face Textures/Pop Face using Guid(c783ca990c5f44004994974eb09893be) Importer(815301076,1909f56bfc062723c751e8b465ee728b)  -> (artifact id: 'a238fce874b2b588944f50887e0fa590') in 0.007711 seconds 
========================================================================
Received Import Request.
  Time since last request: 61.120861 seconds.
  path: Assets/AR face Assets/Face Textures/Robot Face/Robot_Albedo.tga
  artifactKey: Guid(86438631d251f40a99f0b8f365c62e9e) Importer(815301076,1909f56bfc062723c751e8b465ee728b)
Start importing Assets/AR face Assets/Face Textures/Robot Face/Robot_Albedo.tga using Guid(86438631d251f40a99f0b8f365c62e9e) Importer(815301076,1909f56bfc062723c751e8b465ee728b)  -> (artifact id: 'df40882acf1ac2315c2badcee6f6e6bb') in 0.829456 seconds 
========================================================================
Received Import Request.
  Time since last request: 14.827626 seconds.
  path: Assets/AR face Assets/Face Textures/Robot Face/Robot_Normal.tga
  artifactKey: Guid(5ab73bd4833504601bdc404fe852ac76) Importer(815301076,1909f56bfc062723c751e8b465ee728b)
Start importing Assets/AR face Assets/Face Textures/Robot Face/Robot_Normal.tga using Guid(5ab73bd4833504601bdc404fe852ac76) Importer(815301076,1909f56bfc062723c751e8b465ee728b)  -> (artifact id: '4cd654b1a75ee2f5f87cad6ea482ed18') in 0.080932 seconds 
========================================================================
Received Import Request.
  Time since last request: 1.571819 seconds.
  path: Assets/AR face Assets/Face Textures/Robot Face/Robot_Occlusion.tga
  artifactKey: Guid(60d43433d9c944a4a90940aebbd27e14) Importer(815301076,1909f56bfc062723c751e8b465ee728b)
Start importing Assets/AR face Assets/Face Textures/Robot Face/Robot_Occlusion.tga using Guid(60d43433d9c944a4a90940aebbd27e14) Importer(815301076,1909f56bfc062723c751e8b465ee728b)  -> (artifact id: 'ff731cb927ee2030bac441d8f996c383') in 0.077244 seconds 
========================================================================
Received Import Request.
  Time since last request: 53.968370 seconds.
  path: Assets/Prefabs
  artifactKey: Guid(503eff4d9f45df046aa997f1a400f6d9) Importer(815301076,1909f56bfc062723c751e8b465ee728b)
Start importing Assets/Prefabs using Guid(503eff4d9f45df046aa997f1a400f6d9) Importer(815301076,1909f56bfc062723c751e8b465ee728b)  -> (artifact id: 'b88a6bf729bf46b6aa569af9ec1a1236') in 0.008726 seconds 
========================================================================
Received Import Request.
  Time since last request: 3.643268 seconds.
  path: Assets/Prefabs/AR Default Face.prefab
  artifactKey: Guid(793dfe3a554ad3545aa219c7243e2b45) Importer(815301076,1909f56bfc062723c751e8b465ee728b)
Start importing Assets/Prefabs/AR Default Face.prefab using Guid(793dfe3a554ad3545aa219c7243e2b45) Importer(815301076,1909f56bfc062723c751e8b465ee728b)  -> (artifact id: 'e4ad85ed3a304f5fd395c5278b58ee4f') in 0.025967 seconds 
========================================================================
Received Import Request.
  Time since last request: 7.783137 seconds.
  path: Assets/Scenes/Scene.unity
  artifactKey: Guid(0c7fffb25436bfb4593b5890de169387) Importer(815301076,1909f56bfc062723c751e8b465ee728b)
Start importing Assets/Scenes/Scene.unity using Guid(0c7fffb25436bfb4593b5890de169387) Importer(815301076,1909f56bfc062723c751e8b465ee728b)  -> (artifact id: 'e30270630f4adea06030de9ae034a3f7') in 0.009683 seconds 
